2024-06-29T01:02:23.857775+0300 INFO Starting bot...
2024-06-29T01:02:23.872584+0300 INFO Current system time: 2024-06-29 01:02:23.872562+03:00
2024-06-29T01:02:25.318942+0300 INFO Handlers registered.
2024-06-29T01:02:25.524460+0300 INFO Successfully connected to MongoDB
2024-06-29T01:02:25.524719+0300 INFO Scheduled send_facts to run at 09:30 with interval weekly
2024-06-29T01:02:25.524848+0300 INFO Scheduled send_phrases to run at 12:30 with interval daily
2024-06-29T01:02:25.524956+0300 INFO Scheduled send_quiz to run at 15:30 with interval daily
2024-06-29T01:02:25.525049+0300 INFO Scheduled send_quiz to run at 18:30 with interval daily
2024-06-29T01:02:25.536334+0300 INFO Bot started
2024-06-29T01:02:25.726074+0300 INFO Handling ping request...
2024-06-29T01:02:55.574887+0300 INFO Main task cancelled
2024-06-29T01:02:55.576605+0300 INFO Shutting down...
2024-06-29T01:02:55.578169+0300 INFO Running on_shutdown...
2024-06-29T01:02:55.761201+0300 INFO Keep-alive task cancelled
2024-06-29T01:02:59.338909+0300 INFO Starting bot...
2024-06-29T01:02:59.352722+0300 INFO Current system time: 2024-06-29 01:02:59.352702+03:00
2024-06-29T01:03:00.693742+0300 INFO Handlers registered.
2024-06-29T01:03:00.862575+0300 INFO Successfully connected to MongoDB
2024-06-29T01:03:00.862816+0300 INFO Scheduled send_facts to run at 09:30 with interval weekly
2024-06-29T01:03:00.862934+0300 INFO Scheduled send_phrases to run at 12:30 with interval daily
2024-06-29T01:03:00.863031+0300 INFO Scheduled send_quiz to run at 15:30 with interval daily
2024-06-29T01:03:00.863226+0300 INFO Scheduled send_quiz to run at 18:30 with interval daily
2024-06-29T01:03:00.863519+0300 INFO Keep-alive function started with webhook URL: https://efa4-176-110-103-183.ngrok-free.app/bot_webhook
2024-06-29T01:03:00.863639+0300 INFO Derived ping URL: https://efa4-176-110-103-183.ngrok-free.app/ping
2024-06-29T01:03:00.863732+0300 INFO Attempting keep-alive request...
2024-06-29T01:03:00.874200+0300 INFO Bot started
2024-06-29T01:03:01.000608+0300 INFO Handling ping request...
2024-06-29T01:03:01.037862+0300 INFO Keep-alive request successful
2024-06-29T01:03:01.038395+0300 INFO Waiting for next keep-alive request...
2024-06-29T01:03:41.040310+0300 INFO Attempting keep-alive request...
2024-06-29T01:03:41.186658+0300 INFO Handling ping request...
2024-06-29T01:03:41.250320+0300 INFO Keep-alive request successful
2024-06-29T01:03:41.251133+0300 INFO Waiting for next keep-alive request...
2024-06-29T01:04:21.251361+0300 INFO Attempting keep-alive request...
2024-06-29T01:04:21.388714+0300 INFO Handling ping request...
2024-06-29T01:04:21.435822+0300 INFO Keep-alive request successful
2024-06-29T01:04:21.436340+0300 INFO Waiting for next keep-alive request...
2024-06-29T01:04:31.696706+0300 INFO Main task cancelled
2024-06-29T01:04:31.697422+0300 INFO Shutting down...
2024-06-29T01:04:31.697949+0300 INFO Running on_shutdown...
2024-06-29T01:04:31.880576+0300 INFO Keep-alive task cancelled
